<?xml version="1.0" encoding="UTF-8"?>
<testsuite name="com.example.ecommerce.ApplicationTests" tests="1" skipped="0" failures="0" errors="0" timestamp="2024-12-15T20:23:17" hostname="batman" time="0.374">
  <properties/>
  <testcase name="contextLoads()" classname="com.example.ecommerce.ApplicationTests" time="0.374"/>
  <system-out><![CDATA[21:23:13.623 [Test worker] INFO org.springframework.test.context.support.AnnotationConfigContextLoaderUtils -- Could not detect default configuration classes for test class [com.example.ecommerce.ApplicationTests]: ApplicationTests does not declare any static, non-private, non-final, nested classes annotated with @Configuration.
21:23:13.691 [Test worker] INFO org.springframework.boot.test.context.SpringBootTestContextBootstrapper -- Found @SpringBootConfiguration com.example.ecommerce.Application for test class com.example.ecommerce.ApplicationTests

  .   ____          _            __ _ _
 /\\ / ___'_ __ _ _(_)_ __  __ _ \ \ \ \
( ( )\___ | '_ | '_| | '_ \/ _` | \ \ \ \
 \\/  ___)| |_)| | | | | || (_| |  ) ) ) )
  '  |____| .__|_| |_|_| |_\__, | / / / /
 =========|_|==============|___/=/_/_/_/
 :: Spring Boot ::                (v3.1.0)

2024-12-15T21:23:13.933+01:00  INFO 777664 --- [    Test worker] com.example.ecommerce.ApplicationTests   : Starting ApplicationTests using Java 17.0.13 with PID 777664 (started by siaziz in /home/siaziz/Desktop/SOA project)
2024-12-15T21:23:13.934+01:00  INFO 777664 --- [    Test worker] com.example.ecommerce.ApplicationTests   : No active profile set, falling back to 1 default profile: "default"
2024-12-15T21:23:14.508+01:00  INFO 777664 --- [    Test worker] .s.d.r.c.RepositoryConfigurationDelegate : Bootstrapping Spring Data JPA repositories in DEFAULT mode.
2024-12-15T21:23:14.547+01:00  INFO 777664 --- [    Test worker] .s.d.r.c.RepositoryConfigurationDelegate : Finished Spring Data repository scanning in 34 ms. Found 2 JPA repository interfaces.
2024-12-15T21:23:14.893+01:00  INFO 777664 --- [    Test worker] o.hibernate.jpa.internal.util.LogHelper  : HHH000204: Processing PersistenceUnitInfo [name: default]
2024-12-15T21:23:14.924+01:00  INFO 777664 --- [    Test worker] org.hibernate.Version                    : HHH000412: Hibernate ORM core version 6.2.2.Final
2024-12-15T21:23:14.925+01:00  INFO 777664 --- [    Test worker] org.hibernate.cfg.Environment            : HHH000406: Using bytecode reflection optimizer
2024-12-15T21:23:15.012+01:00  INFO 777664 --- [    Test worker] o.h.b.i.BytecodeProviderInitiator        : HHH000021: Bytecode provider name : bytebuddy
2024-12-15T21:23:15.108+01:00  INFO 777664 --- [    Test worker] o.s.o.j.p.SpringPersistenceUnitInfo      : No LoadTimeWeaver setup: ignoring JPA class transformer
2024-12-15T21:23:15.118+01:00  INFO 777664 --- [    Test worker] com.zaxxer.hikari.HikariDataSource       : HikariPool-1 - Starting...
2024-12-15T21:23:15.394+01:00  INFO 777664 --- [    Test worker] com.zaxxer.hikari.pool.HikariPool        : HikariPool-1 - Added connection org.postgresql.jdbc.PgConnection@4404a6b
2024-12-15T21:23:15.395+01:00  INFO 777664 --- [    Test worker] com.zaxxer.hikari.HikariDataSource       : HikariPool-1 - Start completed.
2024-12-15T21:23:15.441+01:00  INFO 777664 --- [    Test worker] org.hibernate.orm.dialect                : HHH035001: Using dialect: org.hibernate.dialect.PostgreSQLDialect, version: org.hibernate.engine.jdbc.env.internal.JdbcEnvironmentInitiator$DialectResolutionInfoImpl@69ba72da
2024-12-15T21:23:15.589+01:00  INFO 777664 --- [    Test worker] o.h.b.i.BytecodeProviderInitiator        : HHH000021: Bytecode provider name : bytebuddy
2024-12-15T21:23:16.070+01:00  INFO 777664 --- [    Test worker] o.h.e.t.j.p.i.JtaPlatformInitiator       : HHH000490: Using JtaPlatform implementation: [org.hibernate.engine.transaction.jta.platform.internal.NoJtaPlatform]
2024-12-15T21:23:16.143+01:00  INFO 777664 --- [    Test worker] j.LocalContainerEntityManagerFactoryBean : Initialized JPA EntityManagerFactory for persistence unit 'default'
2024-12-15T21:23:16.572+01:00  WARN 777664 --- [    Test worker] JpaBaseConfiguration$JpaWebConfiguration : spring.jpa.open-in-view is enabled by default. Therefore, database queries may be performed during view rendering. Explicitly configure spring.jpa.open-in-view to disable this warning
2024-12-15T21:23:16.850+01:00  INFO 777664 --- [    Test worker] o.s.s.web.DefaultSecurityFilterChain     : Will secure any request with [org.springframework.security.web.session.DisableEncodeUrlFilter@57def953, org.springframework.security.web.context.request.async.WebAsyncManagerIntegrationFilter@1bf4a79b, org.springframework.security.web.context.SecurityContextHolderFilter@58829c2c, org.springframework.security.web.header.HeaderWriterFilter@130ad58d, org.springframework.security.web.authentication.logout.LogoutFilter@17810908, com.example.ecommerce.security.JwtRequestFilter@2446be5f, org.springframework.security.web.savedrequest.RequestCacheAwareFilter@2c6553c6, org.springframework.security.web.servletapi.SecurityContextHolderAwareRequestFilter@59ac60d1, org.springframework.security.web.authentication.AnonymousAuthenticationFilter@a1be5cb, org.springframework.security.web.session.SessionManagementFilter@4c5e123d, org.springframework.security.web.access.ExceptionTranslationFilter@76055d02, org.springframework.security.web.access.intercept.AuthorizationFilter@7db63a01]
2024-12-15T21:23:17.176+01:00  INFO 777664 --- [    Test worker] com.example.ecommerce.ApplicationTests   : Started ApplicationTests in 3.395 seconds (process running for 4.161)
]]></system-out>
  <system-err><![CDATA[]]></system-err>
</testsuite>
